<?xml version="1.0" encoding="UTF-8"?>
<!-- Generated by org.testng.reporters.JUnitXMLReporter -->
<testsuite hostname="Bharats-MacBook-Pro.local" ignored="0" name="Different TestNG Feature Test" tests="10" failures="3" timestamp="15 Oct 2018 09:16:31 GMT" time="35.043" errors="0">
  <testcase name="googleLogoTest" time="0.052" classname="com.naveen.testNG.assertionsTest"/>
  <testcase name="googleTitleTest" time="2.012" classname="com.naveen.testNG.assertionsTest">
    <failure type="java.lang.AssertionError" message="Title not amctched expected [google] but found [Google]">
      <![CDATA[java.lang.AssertionError: Title not amctched expected [google] but found [Google]
at com.naveen.testNG.assertionsTest.googleTitleTest(assertionsTest.java:47)
... Removed 30 stack frames]]>
    </failure>
  </testcase> <!-- googleTitleTest -->
  <testcase name="infiniteLoopTest" time="2.005" classname="com.naveen.testNG.exceptionTimeOutTest">
    <failure type="org.testng.internal.thread.ThreadTimeoutException" message="Method com.naveen.testNG.exceptionTimeOutTest.infiniteLoopTest() didn&amp;apos;t finish within the time-out 2000">
      <![CDATA[org.testng.internal.thread.ThreadTimeoutException: Method com.naveen.testNG.exceptionTimeOutTest.infiniteLoopTest() didn't finish within the time-out 2000
at java.io.FileOutputStream.writeBytes(Native Method)
at java.io.FileOutputStream.write(FileOutputStream.java:326)
at java.io.BufferedOutputStream.flushBuffer(BufferedOutputStream.java:82)
at java.io.BufferedOutputStream.flush(BufferedOutputStream.java:140)
at java.io.PrintStream.write(PrintStream.java:482)
at sun.nio.cs.StreamEncoder.writeBytes(StreamEncoder.java:221)
at sun.nio.cs.StreamEncoder.implFlushBuffer(StreamEncoder.java:291)
at sun.nio.cs.StreamEncoder.flushBuffer(StreamEncoder.java:104)
at java.io.OutputStreamWriter.flushBuffer(OutputStreamWriter.java:185)
at java.io.PrintStream.newLine(PrintStream.java:546)
at java.io.PrintStream.println(PrintStream.java:807)
at com.naveen.testNG.exceptionTimeOutTest.infiniteLoopTest(exceptionTimeOutTest.java:15)
at java.util.concurrent.Executors$RunnableAdapter.call(Executors.java:511)
at java.util.concurrent.FutureTask.run(FutureTask.java:266)
at java.util.concurrent.ThreadPoolExecutor.runWorker(ThreadPoolExecutor.java:1149)
at java.util.concurrent.ThreadPoolExecutor$Worker.run(ThreadPoolExecutor.java:624)
at java.lang.Thread.run(Thread.java:748)
... Removed 7 stack frames]]>
    </failure>
  </testcase> <!-- infiniteLoopTest -->
  <testcase name="test1" time="0.001" classname="com.naveen.testNG.expectedException_handeling"/>
  <testcase name="googleLogoTest" time="0.052" classname="com.naveen.testNG.googleTest"/>
  <testcase name="googleTitleTest" time="2.018" classname="com.naveen.testNG.googleTest"/>
  <testcase name="sum" time="0.007" classname="com.naveen.testNG.invocationCountTest"/>
  <testcase name="sum" time="0.001" classname="com.naveen.testNG.invocationCountTest"/>
  <testcase name="sum" time="0.001" classname="com.naveen.testNG.invocationCountTest"/>
  <testcase name="loginPageTitleTest" time="0.0" classname="com.naveen.testNG.methodDependencies">
    <failure type="java.lang.ArithmeticException" message="/ by zero">
      <![CDATA[java.lang.ArithmeticException: / by zero
at com.naveen.testNG.methodDependencies.loginPageTitleTest(methodDependencies.java:11)
... Removed 25 stack frames]]>
    </failure>
  </testcase> <!-- loginPageTitleTest -->
</testsuite> <!-- Different TestNG Feature Test -->
